# JRE version: OpenJDK Runtime Environment (8.0_152-b02) (build 1.8.0_152-release-1024-b02)
# Java VM: OpenJDK 64-Bit Server VM (25.152-b02 mixed mode windows-amd64 compressed oops)
Heap:
 PSYoungGen      total 222720K, used 18788K [0x00000000e0000000, 0x00000000f0180000, 0x0000000100000000)
  eden space 196096K, 5% used [0x00000000e0000000,0x00000000e0aa3258,0x00000000ebf80000)
  from space 26624K, 29% used [0x00000000ee780000,0x00000000eef360f0,0x00000000f0180000)
  to   space 33792K, 0% used [0x00000000ebf80000,0x00000000ebf80000,0x00000000ee080000)
 ParOldGen       total 146944K, used 87870K [0x00000000a0000000, 0x00000000a8f80000, 0x00000000e0000000)
  object space 146944K, 59% used [0x00000000a0000000,0x00000000a55cfaa8,0x00000000a8f80000)
 Metaspace       used 78990K, capacity 82474K, committed 82648K, reserved 1120256K
  class space    used 10112K, capacity 10996K, committed 11008K, reserved 1048576K
GC Heap History (10 events):
Event: 20.027 GC heap before
{Heap before GC invocations=13 (full 3):
 PSYoungGen      total 205312K, used 10726K [0x00000000e0000000, 0x00000000edd80000, 0x0000000100000000)
  eden space 187904K, 0% used [0x00000000e0000000,0x00000000e0000000,0x00000000eb780000)
  from space 17408K, 61% used [0x00000000ecc80000,0x00000000ed6f98a0,0x00000000edd80000)
  to   space 19456K, 0% used [0x00000000eb780000,0x00000000eb780000,0x00000000eca80000)
 ParOldGen       total 97792K, used 36926K [0x00000000a0000000, 0x00000000a5f80000, 0x00000000e0000000)
  object space 97792K, 37% used [0x00000000a0000000,0x00000000a240f9e8,0x00000000a5f80000)
 Metaspace       used 57344K, capacity 58904K, committed 58968K, reserved 1099776K
  class space    used 7843K, capacity 8262K, committed 8320K, reserved 1048576K
Event: 20.398 GC heap after
Heap after GC invocations=13 (full 3):
 PSYoungGen      total 205312K, used 0K [0x00000000e0000000, 0x00000000edd80000, 0x0000000100000000)
  eden space 187904K, 0% used [0x00000000e0000000,0x00000000e0000000,0x00000000eb780000)
  from space 17408K, 0% used [0x00000000ecc80000,0x00000000ecc80000,0x00000000edd80000)
  to   space 19456K, 0% used [0x00000000eb780000,0x00000000eb780000,0x00000000eca80000)
 ParOldGen       total 146944K, used 33273K [0x00000000a0000000, 0x00000000a8f80000, 0x00000000e0000000)
  object space 146944K, 22% used [0x00000000a0000000,0x00000000a207e700,0x00000000a8f80000)
 Metaspace       used 57344K, capacity 58904K, committed 58968K, reserved 1099776K
  class space    used 7843K, capacity 8262K, committed 8320K, reserved 1048576K
}
Event: 528.393 GC heap before
{Heap before GC invocations=14 (full 3):
 PSYoungGen      total 205312K, used 187904K [0x00000000e0000000, 0x00000000edd80000, 0x0000000100000000)
  eden space 187904K, 100% used [0x00000000e0000000,0x00000000eb780000,0x00000000eb780000)
  from space 17408K, 0% used [0x00000000ecc80000,0x00000000ecc80000,0x00000000edd80000)
  to   space 19456K, 0% used [0x00000000eb780000,0x00000000eb780000,0x00000000eca80000)
 ParOldGen       total 146944K, used 33273K [0x00000000a0000000, 0x00000000a8f80000, 0x00000000e0000000)
  object space 146944K, 22% used [0x00000000a0000000,0x00000000a207e700,0x00000000a8f80000)
 Metaspace       used 65493K, capacity 67574K, committed 67800K, reserved 1107968K
  class space    used 8655K, capacity 9187K, committed 9216K, reserved 1048576K
Event: 528.471 GC heap after
Heap after GC invocations=14 (full 3):
 PSYoungGen      total 207360K, used 19436K [0x00000000e0000000, 0x00000000f0b80000, 0x0000000100000000)
  eden space 187904K, 0% used [0x00000000e0000000,0x00000000e0000000,0x00000000eb780000)
  from space 19456K, 99% used [0x00000000eb780000,0x00000000eca7b070,0x00000000eca80000)
  to   space 28672K, 0% used [0x00000000eef80000,0x00000000eef80000,0x00000000f0b80000)
 ParOldGen       total 146944K, used 50832K [0x00000000a0000000, 0x00000000a8f80000, 0x00000000e0000000)
  object space 146944K, 34% used [0x00000000a0000000,0x00000000a31a42b8,0x00000000a8f80000)
 Metaspace       used 65493K, capacity 67574K, committed 67800K, reserved 1107968K
  class space    used 8655K, capacity 9187K, committed 9216K, reserved 1048576K
}
Event: 546.258 GC heap before
{Heap before GC invocations=15 (full 3):
 PSYoungGen      total 207360K, used 207340K [0x00000000e0000000, 0x00000000f0b80000, 0x0000000100000000)
  eden space 187904K, 100% used [0x00000000e0000000,0x00000000eb780000,0x00000000eb780000)
  from space 19456K, 99% used [0x00000000eb780000,0x00000000eca7b070,0x00000000eca80000)
  to   space 28672K, 0% used [0x00000000eef80000,0x00000000eef80000,0x00000000f0b80000)
 ParOldGen       total 146944K, used 50832K [0x00000000a0000000, 0x00000000a8f80000, 0x00000000e0000000)
  object space 146944K, 34% used [0x00000000a0000000,0x00000000a31a42b8,0x00000000a8f80000)
 Metaspace       used 69017K, capacity 71484K, committed 71768K, reserved 1112064K
  class space    used 9117K, capacity 9747K, committed 9856K, reserved 1048576K
Event: 546.318 GC heap after
Heap after GC invocations=15 (full 3):
 PSYoungGen      total 238080K, used 28649K [0x00000000e0000000, 0x00000000f1600000, 0x0000000100000000)
  eden space 209408K, 0% used [0x00000000e0000000,0x00000000e0000000,0x00000000ecc80000)
  from space 28672K, 99% used [0x00000000eef80000,0x00000000f0b7a530,0x00000000f0b80000)
  to   space 35840K, 0% used [0x00000000ecc80000,0x00000000ecc80000,0x00000000eef80000)
 ParOldGen       total 146944K, used 59595K [0x00000000a0000000, 0x00000000a8f80000, 0x00000000e0000000)
  object space 146944K, 40% used [0x00000000a0000000,0x00000000a3a32ee0,0x00000000a8f80000)
 Metaspace       used 69017K, capacity 71484K, committed 71768K, reserved 1112064K
  class space    used 9117K, capacity 9747K, committed 9856K, reserved 1048576K
}
Event: 595.768 GC heap before
{Heap before GC invocations=16 (full 3):
 PSYoungGen      total 238080K, used 238057K [0x00000000e0000000, 0x00000000f1600000, 0x0000000100000000)
  eden space 209408K, 100% used [0x00000000e0000000,0x00000000ecc80000,0x00000000ecc80000)
  from space 28672K, 99% used [0x00000000eef80000,0x00000000f0b7a530,0x00000000f0b80000)
  to   space 35840K, 0% used [0x00000000ecc80000,0x00000000ecc80000,0x00000000eef80000)
 ParOldGen       total 146944K, used 59595K [0x00000000a0000000, 0x00000000a8f80000, 0x00000000e0000000)
  object space 146944K, 40% used [0x00000000a0000000,0x00000000a3a32ee0,0x00000000a8f80000)
 Metaspace       used 75701K, capacity 78798K, committed 78936K, reserved 1118208K
  class space    used 9823K, capacity 10593K, committed 10624K, reserved 1048576K
Event: 595.889 GC heap after
Heap after GC invocations=16 (full 3):
 PSYoungGen      total 219136K, used 15876K [0x00000000e0000000, 0x00000000f0900000, 0x0000000100000000)
  eden space 202752K, 0% used [0x00000000e0000000,0x00000000e0000000,0x00000000ec600000)
  from space 16384K, 96% used [0x00000000ecc80000,0x00000000edc01170,0x00000000edc80000)
  to   space 34304K, 0% used [0x00000000ee780000,0x00000000ee780000,0x00000000f0900000)
 ParOldGen       total 146944K, used 87862K [0x00000000a0000000, 0x00000000a8f80000, 0x00000000e0000000)
  object space 146944K, 59% used [0x00000000a0000000,0x00000000a55cdaa8,0x00000000a8f80000)
 Metaspace       used 75701K, capacity 78798K, committed 78936K, reserved 1118208K
  class space    used 9823K, capacity 10593K, committed 10624K, reserved 1048576K
}
Event: 953.833 GC heap before
{Heap before GC invocations=17 (full 3):
 PSYoungGen      total 219136K, used 218628K [0x00000000e0000000, 0x00000000f0900000, 0x0000000100000000)
  eden space 202752K, 100% used [0x00000000e0000000,0x00000000ec600000,0x00000000ec600000)
  from space 16384K, 96% used [0x00000000ecc80000,0x00000000edc01170,0x00000000edc80000)
  to   space 34304K, 0% used [0x00000000ee780000,0x00000000ee780000,0x00000000f0900000)
 ParOldGen       total 146944K, used 87862K [0x00000000a0000000, 0x00000000a8f80000, 0x00000000e0000000)
  object space 146944K, 59% used [0x00000000a0000000,0x00000000a55cdaa8,0x00000000a8f80000)
 Metaspace       used 78928K, capacity 82384K, committed 82648K, reserved 1120256K
  class space    used 10110K, capacity 10993K, committed 11008K, reserved 1048576K
Event: 953.862 GC heap after
Heap after GC invocations=17 (full 3):
 PSYoungGen      total 222720K, used 7896K [0x00000000e0000000, 0x00000000f0180000, 0x0000000100000000)
  eden space 196096K, 0% used [0x00000000e0000000,0x00000000e0000000,0x00000000ebf80000)
  from space 26624K, 29% used [0x00000000ee780000,0x00000000eef360f0,0x00000000f0180000)
  to   space 33792K, 0% used [0x00000000ebf80000,0x00000000ebf80000,0x00000000ee080000)
 ParOldGen       total 146944K, used 87870K [0x00000000a0000000, 0x00000000a8f80000, 0x00000000e0000000)
  object space 146944K, 59% used [0x00000000a0000000,0x00000000a55cfaa8,0x00000000a8f80000)
 Metaspace       used 78928K, capacity 82384K, committed 82648K, reserved 1120256K
  class space    used 10110K, capacity 10993K, committed 11008K, reserved 1048576K
}

