# JRE version: OpenJDK Runtime Environment (8.0_152-b02) (build 1.8.0_152-release-1024-b02)
# Java VM: OpenJDK 64-Bit Server VM (25.152-b02 mixed mode windows-amd64 compressed oops)
Heap:
 PSYoungGen      total 118784K, used 89694K [0x00000000e0000000, 0x00000000e9e80000, 0x0000000100000000)
  eden space 105472K, 72% used [0x00000000e0000000,0x00000000e4a9d368,0x00000000e6700000)
  from space 13312K, 99% used [0x00000000e6700000,0x00000000e73fa6e8,0x00000000e7400000)
  to   space 15872K, 0% used [0x00000000e8f00000,0x00000000e8f00000,0x00000000e9e80000)
 ParOldGen       total 97280K, used 21073K [0x00000000a0000000, 0x00000000a5f00000, 0x00000000e0000000)
  object space 97280K, 21% used [0x00000000a0000000,0x00000000a14945e0,0x00000000a5f00000)
 Metaspace       used 54572K, capacity 56072K, committed 56152K, reserved 1099776K
  class space    used 7395K, capacity 7799K, committed 7808K, reserved 1048576K
GC Heap History (10 events):
Event: 9.282 GC heap before
{Heap before GC invocations=9 (full 1):
 PSYoungGen      total 70656K, used 67411K [0x00000000e0000000, 0x00000000e6400000, 0x0000000100000000)
  eden space 60416K, 100% used [0x00000000e0000000,0x00000000e3b00000,0x00000000e3b00000)
  from space 10240K, 68% used [0x00000000e3b00000,0x00000000e41d4e68,0x00000000e4500000)
  to   space 10240K, 0% used [0x00000000e5a00000,0x00000000e5a00000,0x00000000e6400000)
 ParOldGen       total 60416K, used 8215K [0x00000000a0000000, 0x00000000a3b00000, 0x00000000e0000000)
  object space 60416K, 13% used [0x00000000a0000000,0x00000000a0805d78,0x00000000a3b00000)
 Metaspace       used 31169K, capacity 31726K, committed 32000K, reserved 1077248K
  class space    used 4360K, capacity 4554K, committed 4608K, reserved 1048576K
Event: 9.312 GC heap after
Heap after GC invocations=9 (full 1):
 PSYoungGen      total 90624K, used 10225K [0x00000000e0000000, 0x00000000e7380000, 0x0000000100000000)
  eden space 80384K, 0% used [0x00000000e0000000,0x00000000e0000000,0x00000000e4e80000)
  from space 10240K, 99% used [0x00000000e5a00000,0x00000000e63fc6a0,0x00000000e6400000)
  to   space 11776K, 0% used [0x00000000e4e80000,0x00000000e4e80000,0x00000000e5a00000)
 ParOldGen       total 60416K, used 8676K [0x00000000a0000000, 0x00000000a3b00000, 0x00000000e0000000)
  object space 60416K, 14% used [0x00000000a0000000,0x00000000a08790c0,0x00000000a3b00000)
 Metaspace       used 31169K, capacity 31726K, committed 32000K, reserved 1077248K
  class space    used 4360K, capacity 4554K, committed 4608K, reserved 1048576K
}
Event: 10.610 GC heap before
{Heap before GC invocations=10 (full 1):
 PSYoungGen      total 90624K, used 40200K [0x00000000e0000000, 0x00000000e7380000, 0x0000000100000000)
  eden space 80384K, 37% used [0x00000000e0000000,0x00000000e1d45ab0,0x00000000e4e80000)
  from space 10240K, 99% used [0x00000000e5a00000,0x00000000e63fc6a0,0x00000000e6400000)
  to   space 11776K, 0% used [0x00000000e4e80000,0x00000000e4e80000,0x00000000e5a00000)
 ParOldGen       total 60416K, used 8676K [0x00000000a0000000, 0x00000000a3b00000, 0x00000000e0000000)
  object space 60416K, 14% used [0x00000000a0000000,0x00000000a08790c0,0x00000000a3b00000)
 Metaspace       used 34622K, capacity 35336K, committed 35416K, reserved 1079296K
  class space    used 4741K, capacity 4990K, committed 4992K, reserved 1048576K
Event: 10.633 GC heap after
Heap after GC invocations=10 (full 1):
 PSYoungGen      total 92160K, used 10217K [0x00000000e0000000, 0x00000000e8380000, 0x0000000100000000)
  eden space 80384K, 0% used [0x00000000e0000000,0x00000000e0000000,0x00000000e4e80000)
  from space 11776K, 86% used [0x00000000e4e80000,0x00000000e587a550,0x00000000e5a00000)
  to   space 12800K, 0% used [0x00000000e7700000,0x00000000e7700000,0x00000000e8380000)
 ParOldGen       total 60416K, used 10348K [0x00000000a0000000, 0x00000000a3b00000, 0x00000000e0000000)
  object space 60416K, 17% used [0x00000000a0000000,0x00000000a0a1b270,0x00000000a3b00000)
 Metaspace       used 34622K, capacity 35336K, committed 35416K, reserved 1079296K
  class space    used 4741K, capacity 4990K, committed 4992K, reserved 1048576K
}
Event: 10.633 GC heap before
{Heap before GC invocations=11 (full 2):
 PSYoungGen      total 92160K, used 10217K [0x00000000e0000000, 0x00000000e8380000, 0x0000000100000000)
  eden space 80384K, 0% used [0x00000000e0000000,0x00000000e0000000,0x00000000e4e80000)
  from space 11776K, 86% used [0x00000000e4e80000,0x00000000e587a550,0x00000000e5a00000)
  to   space 12800K, 0% used [0x00000000e7700000,0x00000000e7700000,0x00000000e8380000)
 ParOldGen       total 60416K, used 10348K [0x00000000a0000000, 0x00000000a3b00000, 0x00000000e0000000)
  object space 60416K, 17% used [0x00000000a0000000,0x00000000a0a1b270,0x00000000a3b00000)
 Metaspace       used 34622K, capacity 35336K, committed 35416K, reserved 1079296K
  class space    used 4741K, capacity 4990K, committed 4992K, reserved 1048576K
Event: 10.766 GC heap after
Heap after GC invocations=11 (full 2):
 PSYoungGen      total 92160K, used 0K [0x00000000e0000000, 0x00000000e8380000, 0x0000000100000000)
  eden space 80384K, 0% used [0x00000000e0000000,0x00000000e0000000,0x00000000e4e80000)
  from space 11776K, 0% used [0x00000000e4e80000,0x00000000e4e80000,0x00000000e5a00000)
  to   space 12800K, 0% used [0x00000000e7700000,0x00000000e7700000,0x00000000e8380000)
 ParOldGen       total 97280K, used 18242K [0x00000000a0000000, 0x00000000a5f00000, 0x00000000e0000000)
  object space 97280K, 18% used [0x00000000a0000000,0x00000000a11d0918,0x00000000a5f00000)
 Metaspace       used 34592K, capacity 35216K, committed 35416K, reserved 1079296K
  class space    used 4732K, capacity 4950K, committed 4992K, reserved 1048576K
}
Event: 12.610 GC heap before
{Heap before GC invocations=12 (full 2):
 PSYoungGen      total 92160K, used 80384K [0x00000000e0000000, 0x00000000e8380000, 0x0000000100000000)
  eden space 80384K, 100% used [0x00000000e0000000,0x00000000e4e80000,0x00000000e4e80000)
  from space 11776K, 0% used [0x00000000e4e80000,0x00000000e4e80000,0x00000000e5a00000)
  to   space 12800K, 0% used [0x00000000e7700000,0x00000000e7700000,0x00000000e8380000)
 ParOldGen       total 97280K, used 18242K [0x00000000a0000000, 0x00000000a5f00000, 0x00000000e0000000)
  object space 97280K, 18% used [0x00000000a0000000,0x00000000a11d0918,0x00000000a5f00000)
 Metaspace       used 41678K, capacity 42486K, committed 42712K, reserved 1085440K
  class space    used 5596K, capacity 5884K, committed 5888K, reserved 1048576K
Event: 12.653 GC heap after
Heap after GC invocations=12 (full 2):
 PSYoungGen      total 113664K, used 9954K [0x00000000e0000000, 0x00000000e8100000, 0x0000000100000000)
  eden space 103424K, 0% used [0x00000000e0000000,0x00000000e0000000,0x00000000e6500000)
  from space 10240K, 97% used [0x00000000e7700000,0x00000000e80b8848,0x00000000e8100000)
  to   space 13312K, 0% used [0x00000000e6700000,0x00000000e6700000,0x00000000e7400000)
 ParOldGen       total 97280K, used 18250K [0x00000000a0000000, 0x00000000a5f00000, 0x00000000e0000000)
  object space 97280K, 18% used [0x00000000a0000000,0x00000000a11d2918,0x00000000a5f00000)
 Metaspace       used 41678K, capacity 42486K, committed 42712K, reserved 1085440K
  class space    used 5596K, capacity 5884K, committed 5888K, reserved 1048576K
}
Event: 15.884 GC heap before
{Heap before GC invocations=13 (full 2):
 PSYoungGen      total 113664K, used 113378K [0x00000000e0000000, 0x00000000e8100000, 0x0000000100000000)
  eden space 103424K, 100% used [0x00000000e0000000,0x00000000e6500000,0x00000000e6500000)
  from space 10240K, 97% used [0x00000000e7700000,0x00000000e80b8848,0x00000000e8100000)
  to   space 13312K, 0% used [0x00000000e6700000,0x00000000e6700000,0x00000000e7400000)
 ParOldGen       total 97280K, used 18250K [0x00000000a0000000, 0x00000000a5f00000, 0x00000000e0000000)
  object space 97280K, 18% used [0x00000000a0000000,0x00000000a11d2918,0x00000000a5f00000)
 Metaspace       used 50054K, capacity 51076K, committed 51416K, reserved 1093632K
  class space    used 6740K, capacity 7117K, committed 7168K, reserved 1048576K
Event: 15.907 GC heap after
Heap after GC invocations=13 (full 2):
 PSYoungGen      total 118784K, used 13289K [0x00000000e0000000, 0x00000000e9e80000, 0x0000000100000000)
  eden space 105472K, 0% used [0x00000000e0000000,0x00000000e0000000,0x00000000e6700000)
  from space 13312K, 99% used [0x00000000e6700000,0x00000000e73fa6e8,0x00000000e7400000)
  to   space 15872K, 0% used [0x00000000e8f00000,0x00000000e8f00000,0x00000000e9e80000)
 ParOldGen       total 97280K, used 21073K [0x00000000a0000000, 0x00000000a5f00000, 0x00000000e0000000)
  object space 97280K, 21% used [0x00000000a0000000,0x00000000a14945e0,0x00000000a5f00000)
 Metaspace       used 50054K, capacity 51076K, committed 51416K, reserved 1093632K
  class space    used 6740K, capacity 7117K, committed 7168K, reserved 1048576K
}

